<?xml version="1.0" encoding="UTF-8"?>
<!-- Generated by org.testng.reporters.JUnitReportReporter -->
<testsuite hostname="DESKTOP-ALRC3D4" failures="0" tests="1" name="Assignment.Question5A" time="6.828" errors="0" timestamp="2023-09-09T15:07:34 IST" skipped="0">
  <testcase classname="Assignment.Question5A" name="isLogoPresent" time="6.828"/>
</testsuite> <!-- Assignment.Question5A -->
