<?xml version="1.0" encoding="UTF-8"?>
<!-- Generated by org.testng.reporters.JUnitReportReporter -->
<testsuite hostname="DESKTOP-ALRC3D4" failures="0" tests="1" name="Assignment.Question5" time="5.257" errors="0" timestamp="2023-09-09T13:40:43 IST" skipped="0">
  <testcase classname="Assignment.Question5" name="isLogoPresent" time="5.257"/>
</testsuite> <!-- Assignment.Question5 -->
